<?xml version="1.0" encoding="UTF-8"?>
<testng-results skipped="0" failed="0" ignored="0" total="4" passed="4">
  <reporter-output>
  </reporter-output>
  <suite name="Suite" duration-ms="68" started-at="2019-10-03T22:17:18 AEST" finished-at="2019-10-03T22:17:18 AEST">
    <groups>
    </groups>
    <test name="Test" duration-ms="68" started-at="2019-10-03T22:17:18 AEST" finished-at="2019-10-03T22:17:18 AEST">
      <class name="qaclickacademy.RESTAPITest">
        <test-method status="PASS" signature="deleteTwitter()[pri:0, instance:qaclickacademy.RESTAPITest@1e397ed7]" name="deleteTwitter" duration-ms="0" started-at="2019-10-03T22:17:18 AEST" finished-at="2019-10-03T22:17:18 AEST">
          <reporter-output>
          </reporter-output>
        </test-method> <!-- deleteTwitter -->
        <test-method status="PASS" signature="postJira()[pri:0, instance:qaclickacademy.RESTAPITest@1e397ed7]" name="postJira" duration-ms="0" started-at="2019-10-03T22:17:18 AEST" finished-at="2019-10-03T22:17:18 AEST">
          <reporter-output>
          </reporter-output>
        </test-method> <!-- postJira -->
      </class> <!-- qaclickacademy.RESTAPITest -->
      <class name="qaclickacademy.SeleniumTest">
        <test-method status="PASS" signature="BrowserAutomation()[pri:0, instance:qaclickacademy.SeleniumTest@3f49dace]" name="BrowserAutomation" duration-ms="11" started-at="2019-10-03T22:17:18 AEST" finished-at="2019-10-03T22:17:18 AEST">
          <reporter-output>
          </reporter-output>
        </test-method> <!-- BrowserAutomation -->
        <test-method status="PASS" signature="ElementUI()[pri:0, instance:qaclickacademy.SeleniumTest@3f49dace]" name="ElementUI" duration-ms="0" started-at="2019-10-03T22:17:18 AEST" finished-at="2019-10-03T22:17:18 AEST">
          <reporter-output>
          </reporter-output>
        </test-method> <!-- ElementUI -->
      </class> <!-- qaclickacademy.SeleniumTest -->
    </test> <!-- Test -->
  </suite> <!-- Suite -->
</testng-results>
